<?xml version="1.0" encoding="UTF-8"?>
<!-- Generated by org.testng.reporters.JUnitReportReporter -->
<testsuite skipped="0" hostname="BRILAP800" name="Scripts.OnTheGo_AndroidProject.Timesheet_valid" tests="1" failures="0" timestamp="05 Dec 2018 10:48:04 GMT" time="55.976" errors="1">
  <testcase name="validBirthday" time="55.976" classname="Scripts.OnTheGo_AndroidProject.Timesheet_valid">
    <error type="java.lang.ClassCastException" message="$java.util.ArrayList$$EnhancerByCGLIB$$b5855c01 cannot be cast to org.openqa.selenium.WebElement">
      <![CDATA[java.lang.ClassCastException: $java.util.ArrayList$$EnhancerByCGLIB$$b5855c01 cannot be cast to org.openqa.selenium.WebElement
at POM.OnTheGo_AndroidProject.timesheet.myrequest(timesheet.java:39)
at Scripts.OnTheGo_AndroidProject.Timesheet_valid.validBirthday(Timesheet_valid.java:19)
at sun.reflect.NativeMethodAccessorImpl.invoke0(Native Method)
at sun.reflect.NativeMethodAccessorImpl.invoke(Unknown Source)
at sun.reflect.DelegatingMethodAccessorImpl.invoke(Unknown Source)
at java.lang.reflect.Method.invoke(Unknown Source)
at org.testng.internal.MethodInvocationHelper.invokeMethod(MethodInvocationHelper.java:124)
at org.testng.internal.Invoker.invokeMethod(Invoker.java:580)
at org.testng.internal.Invoker.invokeTestMethod(Invoker.java:716)
at org.testng.internal.Invoker.invokeTestMethods(Invoker.java:988)
at org.testng.internal.TestMethodWorker.invokeTestMethods(TestMethodWorker.java:125)
at org.testng.internal.TestMethodWorker.run(TestMethodWorker.java:109)
at org.testng.TestRunner.privateRun(TestRunner.java:648)
at org.testng.TestRunner.run(TestRunner.java:505)
at org.testng.SuiteRunner.runTest(SuiteRunner.java:455)
at org.testng.SuiteRunner.runSequentially(SuiteRunner.java:450)
at org.testng.SuiteRunner.privateRun(SuiteRunner.java:415)
at org.testng.SuiteRunner.run(SuiteRunner.java:364)
at org.testng.SuiteRunnerWorker.runSuite(SuiteRunnerWorker.java:52)
at org.testng.SuiteRunnerWorker.run(SuiteRunnerWorker.java:84)
at org.testng.TestNG.runSuitesSequentially(TestNG.java:1208)
at org.testng.TestNG.runSuitesLocally(TestNG.java:1137)
at org.testng.TestNG.runSuites(TestNG.java:1049)
at org.testng.TestNG.run(TestNG.java:1017)
at org.testng.remote.AbstractRemoteTestNG.run(AbstractRemoteTestNG.java:114)
at org.testng.remote.RemoteTestNG.initAndRun(RemoteTestNG.java:251)
at org.testng.remote.RemoteTestNG.main(RemoteTestNG.java:77)
]]>
    </error>
  </testcase> <!-- validBirthday -->
</testsuite> <!-- Scripts.OnTheGo_AndroidProject.Timesheet_valid -->
